01.06.2023 16:11:11:
1

01.06.2023 16:12:57:
array(1) {
  [0]=>
  array(1) {
    [0]=>
    string(0) ""
  }
}


01.06.2023 16:12:57:
array(1) {
  [0]=>
  array(4) {
    ["additionalParameters"]=>
    array(20) {
      ["arUserField"]=>
      array(9) {
        ["ENTITY_ID"]=>
        string(8) "CRM_LEAD"
        ["FIELD_NAME"]=>
        string(10) "UF_XXXXXXX"
        ["USER_TYPE_ID"]=>
        string(14) "flah_workgroup"
        ["SORT"]=>
        int(100)
        ["MULTIPLE"]=>
        string(1) "N"
        ["MANDATORY"]=>
        string(1) "N"
        ["EDIT_FORM_LABEL"]=>
        string(15) "Flah: Workgroup"
        ["VALUE"]=>
        string(0) ""
        ["USER_TYPE"]=>
        array(7) {
          ["USER_TYPE_ID"]=>
          string(14) "flah_workgroup"
          ["CLASS_NAME"]=>
          string(31) "Flah\Fields\UserField\Workgroup"
          ["EDIT_CALLBACK"]=>
          array(2) {
            [0]=>
            string(31) "Flah\Fields\UserField\Workgroup"
            [1]=>
            string(10) "renderEdit"
          }
          ["VIEW_CALLBACK"]=>
          array(2) {
            [0]=>
            string(31) "Flah\Fields\UserField\Workgroup"
            [1]=>
            string(10) "renderView"
          }
          ["USE_FIELD_COMPONENT"]=>
          bool(true)
          ["DESCRIPTION"]=>
          string(15) "Flah: Workgroup"
          ["BASE_TYPE"]=>
          string(6) "string"
        }
      }
      ["bVarsFromForm"]=>
      bool(false)
      ["form_name"]=>
      string(0) ""
      ["printable"]=>
      bool(true)
      ["FILE_MAX_HEIGHT"]=>
      int(400)
      ["FILE_MAX_WIDTH"]=>
      int(400)
      ["FILE_SHOW_POPUP"]=>
      bool(true)
      ["CACHE_TYPE"]=>
      string(1) "A"
      ["~arUserField"]=>
      array(9) {
        ["ENTITY_ID"]=>
        string(8) "CRM_LEAD"
        ["FIELD_NAME"]=>
        string(10) "UF_XXXXXXX"
        ["USER_TYPE_ID"]=>
        string(14) "flah_workgroup"
        ["SORT"]=>
        int(100)
        ["MULTIPLE"]=>
        string(1) "N"
        ["MANDATORY"]=>
        string(1) "N"
        ["EDIT_FORM_LABEL"]=>
        string(15) "Flah: Workgroup"
        ["VALUE"]=>
        string(0) ""
        ["USER_TYPE"]=>
        array(7) {
          ["USER_TYPE_ID"]=>
          string(14) "flah_workgroup"
          ["CLASS_NAME"]=>
          string(31) "Flah\Fields\UserField\Workgroup"
          ["EDIT_CALLBACK"]=>
          array(2) {
            [0]=>
            string(31) "Flah\Fields\UserField\Workgroup"
            [1]=>
            string(10) "renderEdit"
          }
          ["VIEW_CALLBACK"]=>
          array(2) {
            [0]=>
            string(31) "Flah\Fields\UserField\Workgroup"
            [1]=>
            string(10) "renderView"
          }
          ["USE_FIELD_COMPONENT"]=>
          bool(true)
          ["DESCRIPTION"]=>
          string(15) "Flah: Workgroup"
          ["BASE_TYPE"]=>
          string(6) "string"
        }
      }
      ["~bVarsFromForm"]=>
      bool(false)
      ["~form_name"]=>
      string(0) ""
      ["~printable"]=>
      bool(true)
      ["~FILE_MAX_HEIGHT"]=>
      int(400)
      ["~FILE_MAX_WIDTH"]=>
      int(400)
      ["~FILE_SHOW_POPUP"]=>
      bool(true)
      ["~CACHE_TYPE"]=>
      string(1) "A"
      ["skip_manager"]=>
      bool(true)
      ["mode"]=>
      string(9) "main.view"
      ["VALUE"]=>
      array(1) {
        [0]=>
        string(0) ""
      }
      ["parentComponent"]=>
      NULL
    }
    ["userField"]=>
    array(9) {
      ["ENTITY_ID"]=>
      string(8) "CRM_LEAD"
      ["FIELD_NAME"]=>
      string(10) "UF_XXXXXXX"
      ["USER_TYPE_ID"]=>
      string(14) "flah_workgroup"
      ["SORT"]=>
      int(100)
      ["MULTIPLE"]=>
      string(1) "N"
      ["MANDATORY"]=>
      string(1) "N"
      ["EDIT_FORM_LABEL"]=>
      string(15) "Flah: Workgroup"
      ["VALUE"]=>
      string(0) ""
      ["USER_TYPE"]=>
      array(7) {
        ["USER_TYPE_ID"]=>
        string(14) "flah_workgroup"
        ["CLASS_NAME"]=>
        string(31) "Flah\Fields\UserField\Workgroup"
        ["EDIT_CALLBACK"]=>
        array(2) {
          [0]=>
          string(31) "Flah\Fields\UserField\Workgroup"
          [1]=>
          string(10) "renderEdit"
        }
        ["VIEW_CALLBACK"]=>
        array(2) {
          [0]=>
          string(31) "Flah\Fields\UserField\Workgroup"
          [1]=>
          string(10) "renderView"
        }
        ["USE_FIELD_COMPONENT"]=>
        bool(true)
        ["DESCRIPTION"]=>
        string(15) "Flah: Workgroup"
        ["BASE_TYPE"]=>
        string(6) "string"
      }
    }
    ["fieldName"]=>
    string(10) "UF_XXXXXXX"
    ["value"]=>
    array(0) {
    }
  }
}


01.06.2023 16:13:51:
array(1) {
  [0]=>
  array(1) {
    [0]=>
    string(0) ""
  }
}


01.06.2023 16:14:02:
array(1) {
  [0]=>
  array(1) {
    [0]=>
    string(2) "74"
  }
}


01.06.2023 16:14:02:
array(1) {
  [0]=>
  array(1) {
    [0]=>
    string(2) "73"
  }
}


01.06.2023 16:14:02:
array(1) {
  [0]=>
  array(1) {
    [0]=>
    string(2) "76"
  }
}


01.06.2023 16:14:02:
array(1) {
  [0]=>
  array(1) {
    [0]=>
    string(2) "95"
  }
}


01.06.2023 16:14:02:
array(1) {
  [0]=>
  array(1) {
    [0]=>
    string(2) "74"
  }
}


01.06.2023 16:14:02:
array(1) {
  [0]=>
  array(1) {
    [0]=>
    string(2) "74"
  }
}


01.06.2023 16:14:02:
array(1) {
  [0]=>
  array(1) {
    [0]=>
    string(2) "74"
  }
}


01.06.2023 16:14:02:
array(1) {
  [0]=>
  array(1) {
    [0]=>
    string(2) "74"
  }
}


01.06.2023 16:14:07:
array(1) {
  [0]=>
  array(1) {
    [0]=>
    string(0) ""
  }
}


